..\bin\TIM.ilk
..\bin\TIM.pdb
C:\USERS\HUYON\DESKTOP\TIM_LEGATE_20190426_V3\BIN\TIM.DLL
C:\USERS\HUYON\DESKTOP\TIM_LEGATE_20190426_V3\BIN\TIM.ILK
C:\USERS\HUYON\DESKTOP\TIM_LEGATE_20190426_V3\BIN\TIM.PDB
C:\Users\huyon\Desktop\TIM_Legate_20190426_V3\lib\TIM.exp
C:\Users\huyon\Desktop\TIM_Legate_20190426_V3\lib\TIM.lib
C:\Users\huyon\Desktop\TIM_Legate_20190426_V3\TIM\..\bin\TIM.dll
C:\Users\huyon\Desktop\TIM_Legate_20190426_V3\TIM\Debug\cl.command.1.tlog
C:\Users\huyon\Desktop\TIM_Legate_20190426_V3\TIM\Debug\CL.read.1.tlog
C:\Users\huyon\Desktop\TIM_Legate_20190426_V3\TIM\Debug\CL.write.1.tlog
C:\Users\huyon\Desktop\TIM_Legate_20190426_V3\TIM\Debug\link.8884.read.1.tlog
C:\Users\huyon\Desktop\TIM_Legate_20190426_V3\TIM\Debug\link.8884.write.1.tlog
C:\Users\huyon\Desktop\TIM_Legate_20190426_V3\TIM\Debug\link.8884-cvtres.read.1.tlog
C:\Users\huyon\Desktop\TIM_Legate_20190426_V3\TIM\Debug\link.8884-cvtres.write.1.tlog
C:\Users\huyon\Desktop\TIM_Legate_20190426_V3\TIM\Debug\link.command.1.tlog
C:\Users\huyon\Desktop\TIM_Legate_20190426_V3\TIM\Debug\link.read.1.tlog
C:\Users\huyon\Desktop\TIM_Legate_20190426_V3\TIM\Debug\link.write.1.tlog
C:\Users\huyon\Desktop\TIM_Legate_20190426_V3\TIM\Debug\link-cvtres.read.1.tlog
C:\Users\huyon\Desktop\TIM_Legate_20190426_V3\TIM\Debug\link-cvtres.write.1.tlog
C:\Users\huyon\Desktop\TIM_Legate_20190426_V3\TIM\Debug\mt.command.1.tlog
C:\Users\huyon\Desktop\TIM_Legate_20190426_V3\TIM\Debug\mt.read.1.tlog
C:\Users\huyon\Desktop\TIM_Legate_20190426_V3\TIM\Debug\mt.write.1.tlog
C:\Users\huyon\Desktop\TIM_Legate_20190426_V3\TIM\Debug\rc.command.1.tlog
C:\Users\huyon\Desktop\TIM_Legate_20190426_V3\TIM\Debug\rc.read.1.tlog
C:\Users\huyon\Desktop\TIM_Legate_20190426_V3\TIM\Debug\rc.write.1.tlog
C:\USERS\HUYON\DESKTOP\TIM_LEGATE_20190426_V3\TIM\DEBUG\SERIALPORT.OBJ
C:\USERS\HUYON\DESKTOP\TIM_LEGATE_20190426_V3\TIM\DEBUG\STDAFX.OBJ
C:\USERS\HUYON\DESKTOP\TIM_LEGATE_20190426_V3\TIM\DEBUG\TIM.DLL.EMBED.MANIFEST
C:\USERS\HUYON\DESKTOP\TIM_LEGATE_20190426_V3\TIM\DEBUG\TIM.DLL.EMBED.MANIFEST.RES
C:\USERS\HUYON\DESKTOP\TIM_LEGATE_20190426_V3\TIM\DEBUG\TIM.DLL.INTERMEDIATE.MANIFEST
C:\USERS\HUYON\DESKTOP\TIM_LEGATE_20190426_V3\TIM\DEBUG\TIM.OBJ
C:\USERS\HUYON\DESKTOP\TIM_LEGATE_20190426_V3\TIM\DEBUG\TIM.PCH
C:\USERS\HUYON\DESKTOP\TIM_LEGATE_20190426_V3\TIM\DEBUG\TIM.RES
C:\Users\huyon\Desktop\TIM_Legate_20190426_V3\TIM\Debug\TIM.write.1.tlog
C:\Users\huyon\Desktop\TIM_Legate_20190426_V3\TIM\Debug\TIM_manifest.rc
C:\Users\huyon\Desktop\TIM_Legate_20190426_V3\TIM\Debug\vc100.idb
C:\USERS\HUYON\DESKTOP\TIM_LEGATE_20190426_V3\TIM\DEBUG\VC100.PDB
